<?xml version="1.0" encoding="UTF-8"?>
<!-- Generated by org.testng.reporters.JUnitXMLReporter -->
<testsuite ignored="0" hostname="Kirankumars-MacBook-Air.local" failures="0" tests="6" name="Default test" time="9.353" errors="0" timestamp="2026-02-04T11:04:08 IST">
  <testcase classname="com.kroll.Automation.tests.DemoSiteUITests" name="test1_verifyLoginForm" time="0.253"/>
  <testcase classname="com.kroll.Automation.tests.DemoSiteUITests" name="test2_verifyListGroup" time="0.045"/>
  <testcase classname="com.kroll.Automation.tests.DemoSiteUITests" name="test3_verifyDropdown" time="0.167"/>
  <testcase classname="com.kroll.Automation.tests.DemoSiteUITests" name="test4_verifyButtonsState" time="0.041"/>
  <testcase classname="com.kroll.Automation.tests.DemoSiteUITests" name="test5_waitForButtonAndClick" time="6.447"/>
  <testcase classname="com.kroll.Automation.tests.DemoSiteUITests" name="test6_verifyGridValue" time="0.03"/>
</testsuite> <!-- Default test -->
