<?xml version="1.0" encoding="UTF-8"?>
<!-- Generated by org.testng.reporters.JUnitReportReporter -->
<testsuite hostname="Kirankumars-MacBook-Air.local" failures="0" tests="6" name="com.kroll.Automation.tests.Test1" time="10.390" errors="0" timestamp="2026-02-04T01:53:46 IST" skipped="0">
  <testcase classname="com.kroll.Automation.tests.Test1" name="test1_verifyLoginForm" time="0.256"/>
  <testcase classname="com.kroll.Automation.tests.Test1" name="test4_verifyButtonsState" time="0.057"/>
  <testcase classname="com.kroll.Automation.tests.Test1" name="test2_verifyListGroup" time="0.062"/>
  <testcase classname="com.kroll.Automation.tests.Test1" name="test6_verifyGridValue" time="0.056"/>
  <testcase classname="com.kroll.Automation.tests.Test1" name="test5_waitForButtonAndClick" time="9.767"/>
  <testcase classname="com.kroll.Automation.tests.Test1" name="test3_verifyDropdown" time="0.192"/>
</testsuite> <!-- com.kroll.Automation.tests.Test1 -->
