<?xml version="1.0" encoding="UTF-8"?>
<!-- Generated by org.testng.reporters.JUnitReportReporter -->
<testsuite hostname="Kirankumars-MacBook-Air.local" failures="0" tests="6" name="com.kroll.Automation.tests.DemoSiteUITests" time="7.351" errors="0" timestamp="2026-02-04T11:04:08 IST" skipped="0">
  <testcase classname="com.kroll.Automation.tests.DemoSiteUITests" name="test1_verifyLoginForm" time="0.508"/>
  <testcase classname="com.kroll.Automation.tests.DemoSiteUITests" name="test2_verifyListGroup" time="0.075"/>
  <testcase classname="com.kroll.Automation.tests.DemoSiteUITests" name="test6_verifyGridValue" time="0.050"/>
  <testcase classname="com.kroll.Automation.tests.DemoSiteUITests" name="test5_waitForButtonAndClick" time="6.469"/>
  <testcase classname="com.kroll.Automation.tests.DemoSiteUITests" name="test4_verifyButtonsState" time="0.061"/>
  <testcase classname="com.kroll.Automation.tests.DemoSiteUITests" name="test3_verifyDropdown" time="0.188"/>
</testsuite> <!-- com.kroll.Automation.tests.DemoSiteUITests -->
